<?xml version="1.0" encoding="UTF-8"?>
<!-- Generated by org.testng.reporters.JUnitXMLReporter -->
<testsuite ignored="0" hostname="sayandatta-pc" failures="0" tests="5" name="Surefire test" time="178.157" errors="0" timestamp="2023-02-16T16:17:33 IST">
  <testcase classname="com.example.ermiuploadTest" name="test on test(com.example.ermiuploadTest)" time="28.802"/>
  <testcase classname="com.example.LoginconsoleTest" name="test on test(com.example.LoginconsoleTest)" time="15.622"/>
  <testcase classname="com.example.order1Test" name="test on test(com.example.order1Test)" time="62.433"/>
  <testcase classname="com.example.orderTest" name="test on test(com.example.orderTest)" time="30.32"/>
  <testcase classname="com.example.RefundTest" name="test on test(com.example.RefundTest)" time="40.896"/>
</testsuite> <!-- Surefire test -->
