<?xml version="1.0" encoding="UTF-8"?>
<testsuite xmlns:xsi="http://www.w3.org/2001/XMLSchema-instance" xsi:noNamespaceSchemaLocation="https://maven.apache.org/surefire/maven-surefire-plugin/xsd/surefire-test-report-3.0.xsd" version="3.0" name="TestSuite" time="178.787" tests="5" errors="0" skipped="0" failures="0">
  <properties>
[...]
</properties>
  <testcase name="test on test(com.example.ermiuploadTest)" classname="com.example.ermiuploadTest" time="28.791"/>
  <testcase name="test on test(com.example.LoginconsoleTest)" classname="com.example.LoginconsoleTest" time="15.622"/>
  <testcase name="test on test(com.example.order1Test)" classname="com.example.order1Test" time="62.433"/>
  <testcase name="test on test(com.example.orderTest)" classname="com.example.orderTest" time="30.32"/>
  <testcase name="test on test(com.example.RefundTest)" classname="com.example.RefundTest" time="40.897"/>
</testsuite>